<?xml version="1.0" encoding="UTF-8"?>
<!-- Generated by org.testng.reporters.JUnitReportReporter -->
<testsuite skipped="0" hostname="mindc1d199" name="runner.TestRunner" tests="10" failures="0" timestamp="2022-05-20T13:30:18 IST" time="135.747" errors="0">
  <testcase name="test1_SignUp" time="15.050" classname="runner.TestRunner"/>
  <system-out/>
  <testcase name="test2_LogIn" time="12.437" classname="runner.TestRunner"/>
  <system-out/>
  <testcase name="test3_SofaBed" time="14.829" classname="runner.TestRunner"/>
  <system-out/>
  <testcase name="test4_StoreName" time="9.444" classname="runner.TestRunner"/>
  <system-out/>
  <testcase name="test5_EmiOption" time="10.647" classname="runner.TestRunner"/>
  <system-out/>
  <testcase name="test6_AddToWishList" time="15.207" classname="runner.TestRunner"/>
  <system-out/>
  <testcase name="test7_RemoveFromWishList" time="15.573" classname="runner.TestRunner"/>
  <system-out/>
  <testcase name="test8_AddToCart" time="17.794" classname="runner.TestRunner"/>
  <system-out/>
  <testcase name="testRemove9_FromCart" time="16.202" classname="runner.TestRunner"/>
  <system-out/>
  <testcase name="test10_ContactUs" time="8.564" classname="runner.TestRunner"/>
  <system-out/>
</testsuite> <!-- runner.TestRunner -->
